2024-08-13 21:07:38,629 - main - INFO - Traitement de la question : Dans le cadre d'une procédure en reconnaissance de dette, un défendeur conteste la validité d'un titre de créance produit par le demandeur. Selon le CPC suisse, quelles sont les étapes et les moyens de preuve dont dispose le défendeur pour faire valoir ses arguments, et comment le juge doit-il évaluer ces moyens de preuve pour statuer sur la validité du titre de créance ?
2024-08-13 21:07:38,630 - main - INFO - Envoi de la requête à OpenAI
2024-08-13 21:08:18,321 - main - INFO - Réponse reçue de OpenAI
2024-08-13 21:08:18,324 - main - INFO - Résultat parsé: {'Articles de Loi': [{'article_number': '150',
                      'description': 'Cet article stipule que le fardeau de la '
                                     'preuve incombe à la partie qui invoque '
                                     'un fait pour en tirer un droit. Dans le '
                                     'contexte de cette question, cela '
                                     'signifie que le défendeur qui conteste '
                                     'la validité du titre de créance doit '
                                     'apporter la preuve de ses allégations.',
                      'law_code': 'CPC',
                      'law_name': 'CPC'},
                     {'article_number': '152',
                      'description': 'Cet article précise que les faits qui '
                                     'sont généralement reconnus ou sont '
                                     'notoires ne nécessitent pas de preuve. '
                                     'Si le défendeur peut démontrer que la '
                                     'non-validité du titre est notoire, il '
                                     "n'aura pas à apporter de preuve "
                                     'supplémentaire.',
                      'law_code': 'CPC',
                      'law_name': 'CPC'},
                     {'article_number': '154',
                      'description': 'Selon cet article, le juge peut '
                                     'librement apprécier la preuve, à moins '
                                     "que la loi n'en dispose autrement. Cela "
                                     'signifie que le juge a une grande '
                                     'latitude pour évaluer les preuves '
                                     'fournies par le défendeur.',
                      'law_code': 'CPC',
                      'law_name': 'CPC'},
                     {'error': 'Code de loi non reconnu: et 167 CPC '}],
 'Domaines juridiques': '** Droit de la procédure civile',
 'Résumé': '** En vertu du Code de procédure civile suisse (CPC), le défendeur '
           "qui conteste la validité d'un titre de créance dans une procédure "
           'de reconnaissance de dette doit apporter la preuve de cette '
           'invalidité (art. 150 CPC). Pour cela, il peut utiliser divers '
           "moyens de preuve, tels que les interrogatoires, l'audition de "
           "témoins, l'expertise, les écritures et les preuves matérielles "
           '(art. 166 et 167 CPC). De plus, si la non-validité du titre est '
           "notoire, aucune preuve supplémentaire n'est nécessaire (art. 152 "
           "CPC). Enfin, le juge dispose d'une grande latitude pour évaluer "
           'les preuves fournies par le défendeur (art. 154 CPC).'}
2024-08-13 21:08:18,329 - main - INFO - Extraction de l'article CPC 150
2024-08-13 21:08:18,330 - main - INFO - Extraction de l'article CPC 152
2024-08-13 21:08:18,331 - main - INFO - Extraction de l'article CPC 154
2024-08-13 21:08:52,753 - main - INFO - Extraction pour le mot-clé: reconnaissance de dette
2024-08-13 21:08:52,754 - main - INFO - Extraction pour le mot-clé: un défendeur conteste la validité d'un titre de créance
2024-08-13 21:08:52,755 - main - INFO - Extraction pour le mot-clé: validité d'un titre de créance
2024-08-13 21:20:22,074 - main - INFO - Extraction de l'article CO 29
2024-08-13 21:27:08,577 - main - INFO - Traitement de la question : Quels sont les droits des employés en matière de congés payés en Suisse selon le Code des obligations (CO) ?
2024-08-13 21:27:08,578 - main - INFO - Envoi de la requête à OpenAI
2024-08-13 21:27:48,417 - main - INFO - Réponse reçue de OpenAI
2024-08-13 21:27:48,418 - main - INFO - Résultat parsé: {'Articles de Loi': [{'article_number': '329',
                      'description': "Cet article stipule que l'employé a "
                                     "droit à des vacances payées d'au moins "
                                     'quatre semaines par an. Pour les jeunes '
                                     'de moins de 20 ans, cette durée est de '
                                     'cinq semaines.',
                      'law_code': 'CO',
                      'law_name': 'CO'},
                     {'article_number': '329a',
                      'description': 'Cet article précise que le droit aux '
                                     'vacances ne peut pas être renoncé '
                                     'pendant la durée du contrat de travail. '
                                     'De plus, il énonce que le droit aux '
                                     'vacances ne peut être compensé par des '
                                     'prestations en nature ou en espèces que '
                                     'si le contrat de travail prend fin.',
                      'law_code': 'CO',
                      'law_name': 'CO'},
                     {'article_number': '329b',
                      'description': "Cet article indique que l'employeur doit "
                                     'continuer à payer le salaire pendant les '
                                     'vacances, y compris une indemnité pour '
                                     'les pertes de gains provenant de '
                                     'pourboires et de commissions.',
                      'law_code': 'CO',
                      'law_name': 'CO'},
                     {'article_number': '329c',
                      'description': "Cet article explique que si l'employé ne "
                                     'peut pas travailler pour des raisons '
                                     'personnelles (maladie, accident, '
                                     "accomplissement d'une obligation légale "
                                     'ou publique), il ne perd pas son droit à '
                                     'des vacances.',
                      'law_code': 'CO',
                      'law_name': 'CO'}],
 'Domaines juridiques': '** Droit du travail',
 'Résumé': '** En Suisse, le droit du travail prévoit que chaque employé a '
           'droit à un minimum de quatre semaines de congés payés par an, ou '
           "cinq semaines pour les jeunes de moins de 20 ans, selon l'article "
           '329 du Code des obligations. Le droit aux vacances est inaliénable '
           'pendant la durée du contrat de travail et ne peut être compensé '
           'par des prestations en nature ou en espèces, sauf en cas de fin de '
           "contrat (art. 329a CO). L'employeur est tenu de continuer à payer "
           'le salaire pendant les vacances, y compris une indemnité pour les '
           'pertes de gains provenant de pourboires et de commissions (art. '
           "329b CO). Enfin, l'employé ne perd pas son droit à des vacances "
           "s'il est incapable de travailler pour des raisons personnelles, y "
           "compris la maladie, l'accident ou l'accomplissement d'une "
           'obligation légale ou publique (art. 329c CO).'}
2024-08-13 21:27:48,420 - main - INFO - Extraction de l'article CO 329
2024-08-13 21:27:48,420 - main - INFO - Extraction de l'article CO 329a
2024-08-13 21:27:48,421 - main - INFO - Extraction de l'article CO 329b
2024-08-13 21:27:48,422 - main - INFO - Extraction de l'article CO 329c
2024-08-13 21:28:26,890 - main - INFO - Extraction pour le mot-clé: droits des employés en matière de congés payés
2024-08-13 21:28:26,890 - main - INFO - Extraction pour le mot-clé: droits des employés
2024-08-13 21:28:26,891 - main - INFO - Extraction pour le mot-clé: congés payés en Suisse
2024-08-14 14:48:45,883 - main - INFO - Traitement de la question : quel est le délai pour interjeter appel contre un jugement de première instance, et quels sont les effets d'un tel appel sur l'exécution du jugement contesté ?
2024-08-14 14:48:45,883 - main - INFO - Envoi de la requête à OpenAI
2024-08-14 14:48:58,294 - main - INFO - Réponse reçue de OpenAI
2024-08-14 14:48:58,295 - main - INFO - Résultat parsé: {'Articles de Loi': [{'article_number': '124',
                      'description': "Cet article stipule que l'appel doit "
                                     "être interjeté auprès de l'autorité "
                                     'supérieure dans les trente jours à '
                                     'compter de la notification de '
                                     "l'expédition complète de la décision.",
                      'law_code': 'CPC',
                      'law_name': 'CPC'},
                     {'article_number': '315',
                      'description': "Cet article indique que l'appel a un "
                                     'effet suspensif, ce qui signifie que '
                                     "l'exécution du jugement est suspendue "
                                     "pendant la procédure d'appel.",
                      'law_code': 'CPC',
                      'law_name': 'CPC'}],
 'Domaines juridiques': '** Droit de procédure civile suisse.',
 'Résumé': '** En droit de procédure civile suisse, le délai pour interjeter '
           'appel contre un jugement de première instance est de trente jours '
           "à compter de la notification de l'expédition complète de la "
           "décision, conformément à l'art. 124 al. 1 CPC. L'appel a un effet "
           "suspensif selon l'art. 315 al. 1 CPC, ce qui signifie que "
           "l'exécution du jugement est suspendue pendant la procédure "
           "d'appel, sauf si l'autorité supérieure décide autrement. Par "
           'conséquent, le jugement de première instance ne peut pas être '
           "exécuté tant que la procédure d'appel est en cours."}
2024-08-14 14:48:58,296 - main - INFO - Extraction de l'article CPC 124
2024-08-14 14:48:58,296 - main - INFO - Extraction de l'article CPC 315
2024-08-14 14:49:47,147 - main - INFO - Extraction pour le mot-clé: interjeter appel contre un jugement de première instance
2024-08-14 14:49:47,148 - main - INFO - Extraction pour le mot-clé: l'exécution d'un jugement contesté
2024-08-14 14:49:47,148 - main - INFO - Extraction pour le mot-clé: délai pour interjeter appel contre un jugement
2024-08-16 18:31:07,049 - main - INFO - Traitement de la question : Quelles sont les conditions et les conséquences légales de la légitime défense en Suisse selon le Code pénal (CP) ?
2024-08-16 18:31:07,055 - main - INFO - Envoi de la requête à OpenAI
2024-08-16 18:31:20,599 - main - INFO - Réponse reçue de OpenAI
2024-08-16 18:31:20,602 - main - INFO - Résultat parsé: {'Articles de Loi': [{'article_number': '15',
                      'description': 'Cet article définit la légitime défense '
                                     'en Suisse. Il précise que quiconque, '
                                     'pour repousser une attaque injustifiée '
                                     'dirigée contre lui ou un tiers, commet '
                                     'un acte nécessaire et directement '
                                     "destiné à cet effet, n'est pas "
                                     'punissable.',
                      'law_code': 'CP',
                      'law_name': 'CP'},
                     {'article_number': '16',
                      'description': "Cet article traite de l'excès dans la "
                                     'légitime défense, qui peut être due à '
                                     "l'effroi, à la frayeur ou à la terreur. "
                                     "Dans ces cas, si l'auteur a outrepassé "
                                     'les limites de la défense nécessaire, il '
                                     'peut être exempté de peine ou voir la '
                                     'peine réduite.',
                      'law_code': 'CP',
                      'law_name': 'CP'}],
 'Domaines juridiques': '** Droit pénal.',
 'Résumé': "** En Suisse, la légitime défense est définie par l'art. 15 du "
           "Code pénal. Elle est invoquée lorsqu'une personne commet un acte "
           'nécessaire pour repousser une attaque injustifiée dirigée contre '
           "elle-même ou un tiers. De plus, l'art. 16 du Code pénal suisse "
           "précise les conséquences de l'excès dans la légitime défense. Si "
           'une personne dépasse les limites de la défense nécessaire par '
           'peur, effroi ou terreur, elle peut être exemptée de peine ou voir '
           'sa peine réduite.'}
2024-08-16 18:31:20,605 - main - INFO - Extraction de l'article CP 15
2024-08-16 18:31:20,605 - main - INFO - Extraction de l'article CP 16
2024-08-16 18:32:17,774 - main - INFO - Extraction pour le mot-clé: légitime défense
2024-08-16 18:33:15,824 - main - INFO - Traitement de la question : Quelles sont les conditions et les conséquences légales de la légitime défense en Suisse selon le Code pénal (CP) ?
2024-08-16 18:33:15,826 - main - INFO - Envoi de la requête à OpenAI
2024-08-16 18:33:32,840 - main - INFO - Réponse reçue de OpenAI
2024-08-16 18:33:32,841 - main - INFO - Résultat parsé: {'Articles de Loi': [{'article_number': '15',
                      'description': 'Cet article définit la légitime défense. '
                                     "Il stipule qu'une personne qui a commis "
                                     'un acte délictueux pour repousser une '
                                     'atteinte directe, actuelle ou imminente '
                                     'à elle-même, à un proche ou à un tiers '
                                     'est excusée.',
                      'law_code': 'CP',
                      'law_name': 'CP'},
                     {'article_number': '16',
                      'description': "Cet article concerne l'excès dans la "
                                     'légitime défense. Si une personne '
                                     'dépasse les limites de la légitime '
                                     'défense par peur ou par effroi, elle '
                                     'peut être atténuée.',
                      'law_code': 'CP',
                      'law_name': 'CP'},
                     {'error': "Format d'article non reconnu: "},
                     {'error': "Format d'article non reconnu: 3. **Résumé :** "
                               'En Suisse, la légitime défense est régie par '
                               'les articles 15 et 16 du Code pénal suisse. '
                               "Selon l'article 15, une personne qui commet un "
                               'acte délictueux pour repousser une atteinte '
                               'directe, actuelle ou imminente à elle-même, à '
                               'un proche ou à un tiers est excusée, et donc '
                               'exemptée de peines. Cependant, si la personne '
                               'dépasse les limites de la légitime défense par '
                               "peur ou par effroi, l'article 16 stipule que "
                               'la peine peut être atténuée. Cela signifie '
                               'que, bien que la personne puisse encore être '
                               "reconnue coupable de l'acte délictueux, la "
                               'peine peut être réduite en raison des '
                               'circonstances.'}]}
2024-08-16 18:33:32,844 - main - INFO - Extraction pour le mot-clé: légitime défense
2024-08-16 18:34:37,178 - main - INFO - Traitement de la question : Quelles sont les conditions et les conséquences légales de la légitime défense en Suisse selon le Code pénal (CP) ?
2024-08-16 18:34:37,178 - main - INFO - Envoi de la requête à OpenAI
2024-08-16 18:34:56,033 - main - INFO - Réponse reçue de OpenAI
2024-08-16 18:34:56,034 - main - INFO - Résultat parsé: {'Articles de Loi': [{'article_number': '15',
                      'description': 'Cet article stipule que quiconque, pour '
                                     'se défendre ou protéger un tiers contre '
                                     'une attaque illégitime et imminente, '
                                     'commet un acte nécessaire et '
                                     "proportionné pour repousser l'attaque, "
                                     "n'agit pas de manière illégale.",
                      'law_code': 'CP',
                      'law_name': 'CP'},
                     {'article_number': '16',
                      'description': "Cet article précise que si l'auteur a "
                                     'excédé les limites de la légitime '
                                     "défense en raison d'un état de nécessité "
                                     "ou d'excitation engendré par l'attaque, "
                                     'le juge peut atténuer la peine.',
                      'law_code': 'CP',
                      'law_name': 'CP'}],
 'Domaines juridiques': '** Droit pénal',
 'Résumé': '**\n'
           'La légitime défense en Suisse est régie par les articles 15 et 16 '
           "du Code pénal. Pour qu'un acte soit considéré comme une légitime "
           'défense, il doit être nécessaire et proportionnel pour repousser '
           'une attaque illégitime et imminente. Si ces conditions sont '
           "remplies, l'individu qui a commis l'acte de défense n'est pas "
           "considéré comme ayant agi illégalement. Cependant, si l'individu "
           "dépasse les limites de la légitime défense en raison d'un état de "
           "nécessité ou d'excitation causé par l'attaque, il pourrait "
           'toujours être reconnu coupable, mais le juge a la possibilité '
           "d'atténuer la peine."}
2024-08-16 18:34:56,037 - main - INFO - Extraction pour le mot-clé: légitime défense
2024-08-16 18:35:52,479 - main - INFO - Traitement de la question : Quelles sont les conditions et les conséquences légales de la légitime défense en Suisse selon le Code pénal (CP) ?
2024-08-16 18:35:52,480 - main - INFO - Envoi de la requête à OpenAI
2024-08-16 18:36:09,760 - main - INFO - Réponse reçue de OpenAI
2024-08-16 18:36:09,760 - main - INFO - Résultat parsé: {'Articles de Loi': [{'article_number': '15',
                      'description': "Cet article délimite l'usage de la "
                                     "légitime défense, en stipulant qu'une "
                                     'personne qui commet un acte punissable '
                                     'pour repousser une atteinte actuelle et '
                                     'illicite dirigée contre elle-même ou une '
                                     "autre personne n'encourt pas de peine.",
                      'law_code': 'CP',
                      'law_name': 'CP'},
                     {'article_number': '16',
                      'description': "Cet article traite de l'excès en "
                                     'légitime défense, précisant que si une '
                                     'personne a outrepassé les limites de la '
                                     "légitime défense sous l'effet de la "
                                     "peur, de la frayeur ou de l'émotion, "
                                     'elle peut se voir infliger une peine '
                                     'réduite, voire aucune peine.',
                      'law_code': 'CP',
                      'law_name': 'CP'}],
 'Domaines juridiques': '** Droit pénal.',
 'Résumé': '** En Suisse, la légitime défense est définie et réglementée par '
           'les articles 15 et 16 du Code pénal. La légitime défense permet à '
           'une personne de commettre un acte punissable pour repousser une '
           'atteinte actuelle et illicite contre elle-même ou une autre '
           "personne, sans encourir de peine. Cependant, l'acte de défense "
           "doit être proportionné à l'attaque. Si une personne dépasse les "
           "limites de la légitime défense sous l'effet de la peur, de "
           "l'effroi ou du trouble, elle peut être sujette à une peine réduite "
           "ou même à l'absence de peine selon les circonstances et "
           "l'évaluation du juge."}
2024-08-16 18:36:09,762 - main - INFO - Extraction pour le mot-clé: légitime défense
2024-08-16 18:37:14,437 - main - INFO - Traitement de la question : Quelles sont les conditions et les conséquences légales de la légitime défense en Suisse selon le Code pénal (CP) ?
2024-08-16 18:37:14,438 - main - INFO - Envoi de la requête à OpenAI
2024-08-16 18:37:29,508 - main - INFO - Réponse reçue de OpenAI
2024-08-16 18:37:29,509 - main - INFO - Résultat parsé: {'Articles de Loi': [{'article_number': '16',
                      'description': 'Cet article définit la légitime défense. '
                                     "Selon cet article, n'est pas punissable "
                                     'celui qui, pour se défendre ou défendre '
                                     'un autre contre une attaque injustifiée '
                                     'et actuelle, commet un acte nécessaire '
                                     'et proportionné pour repousser '
                                     "l'attaque.",
                      'law_code': 'CP',
                      'law_name': 'CP'},
                     {'article_number': '15',
                      'description': "Cet article indique que n'est pas "
                                     'punissable celui qui, en situation de '
                                     'nécessité, cause un dommage pour '
                                     'sauvegarder des intérêts légitimes, à '
                                     "moins qu'il ne soit raisonnablement "
                                     "exigible qu'il accepte le dommage. Ce "
                                     'dernier peut être pertinent en cas de '
                                     'légitime défense excédentaire.',
                      'law_code': 'CP',
                      'law_name': 'CP'}],
 'Domaines juridiques': '** Droit pénal',
 'Résumé': "** La légitime défense en Suisse est régie par l'article 16 du "
           "Code pénal suisse. Pour qu'un acte soit considéré comme de la "
           'légitime défense, il doit répondre à une attaque injustifiée et '
           'actuelle, et le moyen de défense utilisé doit être nécessaire et '
           "proportionné à l'attaque. Si ces conditions sont remplies, la "
           "personne qui se défend ou défend une autre personne n'est pas "
           'punissable. Cependant, si la défense dépasse les limites de la '
           "proportionnalité, l'article 15 peut s'appliquer, ce qui peut "
           "entraîner une réduction de la peine en fonction de l'évaluation de "
           'la situation de nécessité.'}
2024-08-16 18:37:29,512 - main - INFO - Extraction pour le mot-clé: légitime défense
2024-08-16 18:38:33,754 - main - INFO - Traitement de la question : Quelles sont les conditions et les conséquences légales de la légitime défense en Suisse selon le Code pénal (CP) ?
2024-08-16 18:38:33,755 - main - INFO - Envoi de la requête à OpenAI
2024-08-16 18:38:49,745 - main - INFO - Réponse reçue de OpenAI
2024-08-16 18:38:49,746 - main - INFO - Résultat parsé: {'Articles de Loi': [{'article_number': '15',
                      'description': 'Cet article établit les conditions de la '
                                     'légitime défense. Il précise que '
                                     "quiconque est attaqué ou menacé d'un "
                                     'danger imminent et injustifié est '
                                     'autorisé à se défendre de manière '
                                     "appropriée pour repousser l'attaque.",
                      'law_code': 'CP',
                      'law_name': 'CP'},
                     {'article_number': '16',
                      'description': 'Cet article traite de la légitime '
                                     'défense excédentaire. Si une personne '
                                     'dépasse les limites de la défense '
                                     "autorisée par l'art. 15 CP, elle peut "
                                     'être condamnée, mais la peine peut être '
                                     'réduite ou même supprimée si la personne '
                                     "a agi sous l'emprise de la peur ou de "
                                     "l'émotion.",
                      'law_code': 'CP',
                      'law_name': 'CP'}],
 'Domaines juridiques': '** Droit pénal.',
 'Résumé': '** Selon le Code pénal suisse, la légitime défense est permise en '
           "cas d'attaque ou de menace d'un danger imminent et injustifié. La "
           "défense doit être proportionnelle à l'attaque. Si une personne "
           'dépasse les limites de la défense autorisée, cette personne peut '
           'être condamnée pour légitime défense excédentaire. Cependant, la '
           'peine peut être réduite ou même supprimée si la personne a agi '
           "sous l'emprise de la peur ou de l'émotion. Il est à noter que la "
           "légitime défense ne s'applique pas si la personne a provoqué "
           "l'attaque dans le but de pouvoir se défendre."}
2024-08-16 18:38:49,747 - main - INFO - Extraction pour le mot-clé: légitime défense
2024-08-16 18:39:46,751 - main - INFO - Traitement de la question : Quelles sont les conditions et les conséquences légales de la légitime défense en Suisse selon le Code pénal (CP) ?
2024-08-16 18:39:46,752 - main - INFO - Envoi de la requête à OpenAI
2024-08-16 18:40:03,283 - main - INFO - Réponse reçue de OpenAI
2024-08-16 18:40:03,284 - main - INFO - Résultat parsé: {'Articles de Loi': [{'article_number': '15',
                      'description': 'Cet article définit la légitime défense '
                                     "comme l'acte nécessaire pour parer une "
                                     "attaque injuste. Il stipule que l'acte "
                                     "est licite s'il est commis en état de "
                                     'nécessité licite pour se défendre '
                                     'soi-même ou autrui contre une atteinte '
                                     "imminente à l'intégrité corporelle, à "
                                     "l'honneur ou à la propriété.",
                      'law_code': 'CP',
                      'law_name': 'CP'},
                     {'article_number': '16',
                      'description': "Cet article aborde l'excès dans la "
                                     'légitime défense et stipule que si '
                                     "l'auteur a outrepassé les limites de la "
                                     'légitime défense, le juge peut atténuer '
                                     'la peine.',
                      'law_code': 'CP',
                      'law_name': 'CP'}],
 'Domaines juridiques': '** Droit pénal',
 'Résumé': '** En Suisse, la légitime défense est un acte nécessaire pour '
           'parer une attaque injuste et imminente contre soi-même ou autrui. '
           "Cela peut concerner l'intégrité corporelle, l'honneur ou la "
           "propriété. L'acte de défense est considéré comme licite en vertu "
           "de l'art. 15 CP. Toutefois, si l'auteur a dépassé les limites de "
           "la légitime défense, le juge a la possibilité d'atténuer la peine "
           "selon l'art. 16 CP. Ainsi, bien que la légitime défense soit "
           "autorisée, elle doit être proportionnelle à l'attaque à laquelle "
           'elle répond.'}
2024-08-16 18:40:03,286 - main - INFO - Extraction pour le mot-clé: légitime défense
2024-08-16 18:41:08,310 - main - INFO - Traitement de la question : Quelles sont les conditions et les conséquences légales de la légitime défense en Suisse selon le Code pénal (CP) ?
2024-08-16 18:41:08,311 - main - INFO - Envoi de la requête à OpenAI
2024-08-16 18:41:23,134 - main - INFO - Réponse reçue de OpenAI
2024-08-16 18:41:23,135 - main - INFO - Résultat parsé: {'Articles de Loi': [],
 'Domaines juridiques': '** Droit pénal.',
 'Résumé': '** En Suisse, la légitime défense est réglementée par les articles '
           "15 et 16 du Code pénal. Pour qu'un acte soit considéré comme de la "
           "légitime défense, il faut qu'il repousse une attaque injuste "
           "dirigée contre soi-même ou contre autrui. L'acte de défense doit "
           "être proportionné à l'attaque, autrement, il pourrait être "
           "qualifié d'excès de légitime défense. Dans ce cas, si l'excès est "
           "commis en raison de la peur ou de l'effroi, la personne pourrait "
           'être libérée de toute peine.'}
2024-08-16 18:41:23,136 - main - INFO - Extraction pour le mot-clé: légitime défense
2024-08-16 18:42:20,780 - main - INFO - Traitement de la question : Quelles sont les conditions et les conséquences légales de la légitime défense en Suisse selon le Code pénal (CP) ?
2024-08-16 18:42:20,781 - main - INFO - Envoi de la requête à OpenAI
2024-08-16 18:42:35,061 - main - INFO - Réponse reçue de OpenAI
2024-08-16 18:42:35,063 - main - INFO - Résultat parsé: {'Articles de Loi': [{'article_number': '15',
                      'description': 'Cet article définit les conditions de la '
                                     "légitime défense, stipulant qu'une "
                                     'personne qui, pour repousser une attaque '
                                     'actuelle et illicite dirigée contre '
                                     'elle-même ou contre autrui, commet un '
                                     'acte nécessaire et proportionné à la '
                                     "menace, n'agit pas de manière illicite.",
                      'law_code': 'CP',
                      'law_name': 'CP'},
                     {'article_number': '16',
                      'description': "Cet article spécifie qu'une personne qui "
                                     'dépasse les limites de la légitime '
                                     'défense, notamment en raison de la peur '
                                     "ou de l'effroi, peut voir sa peine "
                                     'atténuée.',
                      'law_code': 'CP',
                      'law_name': 'CP'},
                     {'error': "Format d'article non reconnu: "},
                     {'error': "Format d'article non reconnu: 3. **Résumé :** "
                               'En Suisse, la légitime défense est définie par '
                               "l'art. 15 CP. Une personne peut repousser une "
                               'attaque actuelle et illicite dirigée contre '
                               "elle-même ou contre autrui, si l'acte est "
                               'nécessaire et proportionné à la menace. Si la '
                               'personne dépasse ces limites, notamment à '
                               "cause de la peur ou de l'effroi, elle peut "
                               'être tenue pour responsable, mais elle peut '
                               "bénéficier d'une atténuation de peine "
                               "conformément à l'art. 16 CP. La détermination "
                               'de ce qui est nécessaire et proportionné '
                               'dépend des circonstances de chaque cas et est '
                               'généralement évaluée par les tribunaux.'}],
 'Domaines juridiques': '** Droit pénal'}
2024-08-16 18:42:35,065 - main - INFO - Extraction pour le mot-clé: légitime défense
2024-08-16 18:44:45,145 - main - INFO - Traitement de la question : Quelles sont les conditions et les conséquences légales de la légitime défense en Suisse selon le Code pénal (CP) ?
2024-08-16 18:44:45,145 - main - INFO - Envoi de la requête à OpenAI
2024-08-16 18:45:00,769 - main - INFO - Réponse reçue de OpenAI
2024-08-16 18:45:00,771 - main - INFO - Résultat parsé: {'Articles de Loi': [{'article_number': '15',
                      'description': 'Cet article définit la légitime défense, '
                                     'ses conditions et ses limites. Il '
                                     'stipule que quiconque se défend par un '
                                     'acte nécessaire pour repousser une '
                                     'atteinte illicite dirigée contre '
                                     'lui-même ou contre une autre personne '
                                     'est excusé.',
                      'law_code': 'CP',
                      'law_name': 'CP'},
                     {'article_number': '16',
                      'description': "Cet article traite de l'excès de "
                                     'légitime défense. Il stipule que si une '
                                     'personne agit en état de nécessité '
                                     'licite (comme la légitime défense) mais '
                                     'dépasse les limites de ce qui est '
                                     'nécessaire, elle peut encourir une peine '
                                     'réduite.',
                      'law_code': 'CP',
                      'law_name': 'CP'}],
 'Domaines juridiques': '** Droit pénal',
 'Résumé': "** En droit pénal suisse, la légitime défense est une forme d'état "
           "de nécessité licite. Selon l'art. 15 CP, une personne qui repousse "
           'une atteinte illicite dirigée contre elle-même ou une autre '
           "personne est excusée, à condition que l'acte soit nécessaire pour "
           "cette fin. Cela signifie que l'acte doit être proportionné à "
           "l'atteinte. Si une personne dépasse les limites de la légitime "
           "défense, elle peut être sanctionnée en vertu de l'art. 16 CP, bien "
           'que la peine puisse être réduite. Les conséquences exactes '
           "dépendent de la nature et de la gravité de l'acte, ainsi que de "
           "l'atteinte repoussée."}
2024-08-16 18:45:00,772 - main - INFO - Extraction de l'article CP 15
2024-08-16 18:45:00,772 - main - INFO - Extraction de l'article CP 16
2024-08-16 18:45:47,450 - main - INFO - Traitement de la question : Quelles sont les conditions et les conséquences légales de la légitime défense en Suisse selon le Code pénal (CP) ?
2024-08-16 18:45:47,451 - main - INFO - Envoi de la requête à OpenAI
2024-08-16 18:47:45,501 - main - INFO - Traitement de la question : Quelles sont les conséquences juridiques du non-respect d'une clause de non-concurrence en Suisse ?
2024-08-16 18:47:45,502 - main - INFO - Envoi de la requête à OpenAI
2024-08-16 18:47:53,537 - main - INFO - Réponse reçue de OpenAI
2024-08-16 18:47:53,539 - main - INFO - Résultat parsé: {'Articles de Loi': [{'error': "Format d'article non reconnu: - **art. 340 CO "
                               '(Code des Obligations) :** Cet article régit '
                               'les clauses de non-concurrence dans les '
                               'contrats de travail, stipulant les conditions '
                               'de validité telles que la limitation '
                               'géographique, temporelle et matérielle.'},
                     {'error': "Format d'article non reconnu: - **art. 340a CO "
                               ':** Précise les conditions sous lesquelles une '
                               'clause de non-concurrence peut être imposée et '
                               'les restrictions que doit respecter '
                               "l'employeur."},
                     {'error': "Format d'article non reconnu: - **art. 340b CO "
                               ":** Établit que si l'employeur ne remplit pas "
                               'ses obligations contractuelles, la clause de '
                               'non-concurrence devient caduque.'},
                     {'error': "Format d'article non reconnu: - **art. 340c CO "
                               ':** Concernant les sanctions en cas de '
                               'violation, cet article permet la stipulation '
                               "d'une peine conventionnelle et la réparation "
                               "du dommage subi par l'employeur."}],
 'Domaines juridiques': '**\n   - Droit du travail\n   - Droit des obligations',
 'Résumé': '**\n'
           "   Le non-respect d'une clause de non-concurrence en Suisse peut "
           'entraîner plusieurs conséquences juridiques pour le salarié. Selon '
           'les dispositions des articles 340 et suivants du Code des '
           'Obligations (CO), une clause de non-concurrence doit respecter '
           "certaines conditions de validité, telles qu'une limitation "
           'raisonnable en termes géographiques, temporels et matériels. Si '
           'ces conditions sont remplies et que le salarié enfreint la clause, '
           "l'employeur peut demander des dommages-intérêts correspondant au "
           'préjudice subi. En outre, une peine conventionnelle peut être '
           'stipulée dans le contrat de travail pour la violation de cette '
           "clause. Toutefois, si l'employeur ne respecte pas ses propres "
           'obligations contractuelles, la clause de non-concurrence peut '
           'devenir inapplicable.'}
2024-08-16 18:47:53,542 - main - INFO - Extraction pour le mot-clé: conséquences juridiques du non-respect d'une clause de non-concurrence
2024-08-16 18:49:20,016 - main - INFO - Traitement de la question : La litispendance à telle fonction du dépôt de la demande en justice ?
2024-08-16 18:49:20,017 - main - INFO - Envoi de la requête à OpenAI
2024-08-16 18:49:25,190 - main - INFO - Réponse reçue de OpenAI
2024-08-16 18:49:25,190 - main - INFO - Résultat parsé: {'Articles de Loi': [{'error': "Format d'article non reconnu: - **art. 62 CPC "
                               '(Code de procédure civile suisse)** : Cet '
                               'article traite de la litispendance en '
                               'procédure civile et précise que la '
                               'litispendance commence avec le dépôt de la '
                               'demande en justice.'},
                     {'error': "Format d'article non reconnu: - **art. 64 "
                               'CPC** : Cet article mentionne les effets de la '
                               'litispendance, notamment la suspension de la '
                               "prescription et l'impossibilité pour le "
                               "demandeur d'introduire une nouvelle demande "
                               'sur le même objet et entre les mêmes '
                               'parties.'}],
 'Domaines juridiques': '**\n   - Droit de la procédure civile.',
 'Résumé': '**\n'
           '   La litispendance, en droit suisse de la procédure civile, est '
           'un concept crucial qui marque le début des effets juridiques liés '
           "à une procédure judiciaire. Selon l'art. 62 CPC, la litispendance "
           'commence à partir du moment où la demande en justice est déposée. '
           'Cela signifie que dès ce dépôt, certaines conséquences juridiques '
           'prennent effet, comme la suspension de la prescription des droits '
           "en cause, et l'impossibilité pour le demandeur d'introduire une "
           'nouvelle demande portant sur le même objet et entre les mêmes '
           'parties (art. 64 CPC). En résumé, la litispendance protège les '
           'parties en assurant une certaine sécurité juridique et en évitant '
           'des procédures parallèles sur le même litige.'}
2024-08-16 18:49:25,191 - main - INFO - Extraction pour le mot-clé: litispendance
2024-08-16 18:50:22,748 - main - INFO - Traitement de la question : La litispendance à telle fonction du dépôt de la demande en justice ?
2024-08-16 18:50:22,749 - main - INFO - Envoi de la requête à OpenAI
2024-08-16 18:50:29,584 - main - INFO - Réponse reçue de OpenAI
2024-08-16 18:50:29,586 - main - INFO - Résultat parsé: {'Articles de Loi': [{'error': "Format d'article non reconnu: - **art. 62 Code "
                               'de procédure civile (CPC)** : Cet article '
                               'traite de la litispendance et stipule que '
                               'celle-ci prend effet dès le dépôt de la '
                               'demande auprès du tribunal compétent.'},
                     {'error': "Format d'article non reconnu: - **art. 63 "
                               'CPC** : Cet article précise les effets de la '
                               'litispendance, notamment la fixation de la '
                               'compétence du tribunal saisi et linterdiction '
                               'pour les parties de saisir un autre tribunal '
                               'pour la même cause.'},
                     {'error': "Format d'article non reconnu: - **art. 64 "
                               'CPC** : Cet article précise que la '
                               'litispendance prend fin avec le retrait de la '
                               'demande, le rejet de la demande ou le jugement '
                               'définitif.'}],
 'Domaines juridiques': '** Droit de la procédure civile.',
 'Résumé': '**\n'
           '   La litispendance en droit suisse est déterminée par le dépôt de '
           "la demande en justice, conformément à l'art. 62 CPC. Dès que la "
           'demande est déposée auprès du tribunal compétent, la litispendance '
           'prend effet, ce qui signifie que le tribunal saisi est compétent '
           "pour traiter l'affaire et que les parties ne peuvent plus porter "
           'la même cause devant un autre tribunal (art. 63 CPC). La '
           'litispendance a donc pour fonction principale de fixer la '
           'compétence du tribunal et de prévenir les litiges parallèles. Elle '
           'prend fin avec le retrait, le rejet de la demande ou un jugement '
           "définitif, comme précisé à l'art. 64 CPC."}
2024-08-16 18:50:29,588 - main - INFO - Extraction pour le mot-clé: litispendance
2024-08-16 18:51:34,908 - main - INFO - Traitement de la question : La litispendance à telle fonction du dépôt de la demande en justice ?
2024-08-16 18:51:34,908 - main - INFO - Envoi de la requête à OpenAI
2024-08-16 18:51:40,837 - main - INFO - Réponse reçue de OpenAI
2024-08-16 18:51:40,838 - main - INFO - Résultat parsé: {'Articles de Loi': [{'error': "Format d'article non reconnu: - **art. 62 Code "
                               'de procédure civile (CPC) :** Cet article '
                               'traite de la litispendance et stipule que la '
                               "demande introductive d'instance rend l'affaire "
                               'pendante dès sa réception par le tribunal.'},
                     {'error': "Format d'article non reconnu: - **art. 64 CPC "
                               ':** Cet article précise les effets de la '
                               'litispendance, notamment la compétence du '
                               'tribunal saisi en premier.'},
                     {'error': "Format d'article non reconnu: - **art. 59 CPC "
                               ':** Cet article concerne les conditions de '
                               "recevabilité d'une demande en justice, qui "
                               'doivent être remplies pour que la '
                               'litispendance soit valable.'}],
 'Domaines juridiques': '**\n   - Droit de la procédure civile',
 'Résumé': '**\n'
           '   La litispendance en droit suisse est directement liée au dépôt '
           "de la demande en justice. Conformément à l'art. 62 CPC, une "
           'affaire devient pendante dès que le tribunal reçoit la demande '
           "introductive d'instance. Cela signifie que le tribunal saisi en "
           "premier est compétent pour traiter l'affaire, comme le précise "
           "l'art. 64 CPC. Les conditions de recevabilité de la demande, "
           "énoncées à l'art. 59 CPC, doivent également être respectées pour "
           'que la litispendance soit valide. Ainsi, la litispendance marque '
           'le début formel de la procédure judiciaire et détermine la '
           "compétence du tribunal pour la suite de l'affaire."}
2024-08-16 18:51:40,839 - main - INFO - Extraction pour le mot-clé: litispendance
2024-08-16 18:52:45,748 - main - INFO - Traitement de la question : La litispendance à telle fonction du dépôt de la demande en justice ?
2024-08-16 18:52:45,749 - main - INFO - Envoi de la requête à OpenAI
2024-08-16 18:52:50,596 - main - INFO - Réponse reçue de OpenAI
2024-08-16 18:52:50,597 - main - INFO - Résultat parsé: {'Articles de Loi': [{'error': "Format d'article non reconnu: - **art. 62 CPC "
                               '(Code de procédure civile suisse)** : Cet '
                               'article définit le principe de la '
                               'litispendance, qui signifie que le tribunal '
                               'devient compétent à partir du moment où la '
                               'demande est introduite.'},
                     {'error': "Format d'article non reconnu: - **art. 63 "
                               'CPC** : Cet article spécifie les effets de la '
                               "litispendance, notamment l'empêchement de "
                               'poursuivre la même cause devant un autre '
                               'tribunal.'},
                     {'error': "Format d'article non reconnu: - **art. 64 "
                               'CPC** : Cet article traite de la continuation '
                               'de la litispendance et des conditions sous '
                               'lesquelles elle prend fin.'}],
 'Domaines juridiques': '**\n   - Droit de la procédure civile.',
 'Résumé': '**\n'
           '   La litispendance en droit suisse est établie dès le dépôt de la '
           'demande en justice, ce qui confère compétence au tribunal saisi. '
           "Selon l'art. 62 CPC, le dépôt de la demande marque le début de la "
           'litispendance, empêchant ainsi toute autre action identique devant '
           'un autre tribunal (art. 63 CPC). Cela garantit que les parties ne '
           'peuvent pas multiplier les procédures sur la même affaire dans des '
           "tribunaux différents. La litispendance persiste jusqu'à ce que la "
           "procédure soit définitivement close, comme spécifié dans l'art. 64 "
           'CPC. En résumé, la litispendance constitue un mécanisme essentiel '
           "pour éviter les conflits de compétence et assurer l'unité de la "
           'procédure judiciaire.'}
2024-08-16 18:52:50,598 - main - INFO - Extraction pour le mot-clé: litispendance
2024-08-16 19:30:11,041 - main - INFO - Traitement de la question : Quels sont les droits et obligations des parties lors de la conclusion d'un contrat en Suisse ?
2024-08-16 19:30:11,042 - main - INFO - Envoi de la requête à OpenAI
2024-08-16 19:30:30,287 - main - INFO - Réponse reçue de OpenAI
2024-08-16 19:30:30,290 - main - INFO - Résultat parsé: {'Articles de Loi': [{'article_number': '1',
                      'description': 'Cet article stipule que les obligations '
                                     'découlent soit de la loi, soit du '
                                     "contrat, soit d'actes illicites, soit "
                                     "d'actes unilatéraux volontaires. Dans le "
                                     "contexte d'un contrat, il établit que "
                                     'les obligations des parties sont '
                                     'définies par les termes du contrat.',
                      'law_code': 'CC',
                      'law_name': 'CC'},
                     {'article_number': '2',
                      'description': "Cet article souligne l'importance de la "
                                     'bonne foi dans les actions et les '
                                     'relations juridiques, y compris la '
                                     "conclusion d'un contrat.",
                      'law_code': 'CC',
                      'law_name': 'CC'},
                     {'article_number': '16',
                      'description': "Cet article traite de l'offre "
                                     'contractuelle et de son acceptation, en '
                                     "précisant que l'offre devient "
                                     "obligatoire lorsque l'acceptation est "
                                     "connue de l'offrant.",
                      'law_code': 'CO',
                      'law_name': 'CO'},
                     {'article_number': '18',
                      'description': "Cet article traite de l'interprétation "
                                     'des contrats. Il stipule que si les '
                                     'intentions réelles des parties ne '
                                     'peuvent être établies, le contrat doit '
                                     'être interprété selon le principe de la '
                                     'confiance.',
                      'law_code': 'CO',
                      'law_name': 'CO'}],
 'Domaines juridiques': '** Droit des contrats, Droit civil',
 'Résumé': "** Lors de la conclusion d'un contrat en Suisse, les parties ont "
           'le droit de négocier et de convenir des termes qui régissent leurs '
           "relations (art. 1 CC). Elles ont l'obligation de se comporter de "
           'bonne foi tout au long du processus (art. 2 CC). Une offre '
           'contractuelle devient obligatoire dès que son acceptation est '
           "connue de l'offrant (art. 16 CO). Les parties ont le droit "
           "d'interpréter le contrat en fonction de leur volonté réelle. Si "
           'celle-ci ne peut être établie, le principe de la confiance prévaut '
           'pour interpréter le contrat (art. 18 CO).'}
2024-08-16 19:30:30,292 - main - INFO - Extraction de l'article CC 1
2024-08-16 19:30:30,294 - main - INFO - Extraction de l'article CC 2
2024-08-16 19:30:30,296 - main - INFO - Extraction de l'article CO 16
2024-08-16 19:30:30,297 - main - INFO - Extraction de l'article CO 18
2024-08-16 19:31:33,455 - main - INFO - Extraction pour le mot-clé: droits et obligations des parties lors de la conclusion d'un contrat
2024-08-16 19:39:19,217 - main - INFO - Traitement de la question : Quels sont les critères légaux pour établir la responsabilité civile en cas de dommage en Suisse ?
2024-08-16 19:39:19,218 - main - INFO - Envoi de la requête à OpenAI
2024-08-16 19:39:35,306 - main - INFO - Réponse reçue de OpenAI
2024-08-16 19:39:35,307 - main - INFO - Résultat parsé: {}
2024-08-16 19:39:35,307 - main - INFO - Extraction pour le mot-clé: responsabilité civile en cas de dommage
2024-08-16 19:45:31,494 - main - INFO - Traitement de la question : Quelles sont les obligations d'information et de transparence des entreprises cotées en bourse en Suisse ?
2024-08-16 19:45:31,494 - main - INFO - Envoi de la requête à OpenAI
2024-08-16 19:45:54,175 - main - INFO - Réponse reçue de OpenAI
2024-08-16 19:45:54,176 - main - INFO - Résultat parsé: {}
2024-08-16 19:45:54,176 - main - INFO - Extraction pour le mot-clé: obligations d'information et de transparence des entreprises cotées en bourse
2024-08-16 19:45:54,176 - main - INFO - Extraction pour le mot-clé: obligations d'information des entreprises cotées en bourse
2024-08-16 19:56:13,218 - main - INFO - Traitement de la question : Quels sont les droits des copropriétaires en matière de gestion et d'entretien des parties communes selon le droit suisse ?
2024-08-16 19:56:13,218 - main - INFO - Envoi de la requête à OpenAI
2024-08-16 19:56:28,438 - main - INFO - Réponse reçue de OpenAI
2024-08-16 19:56:28,439 - main - INFO - Résultat parsé: {}
2024-08-16 19:56:28,439 - main - INFO - Extraction pour le mot-clé: droits des copropriétaires en matière de gestion et d'entretien des parties communes
2024-08-16 19:56:28,440 - main - INFO - Extraction pour le mot-clé: droits des copropriétaires
2024-08-16 20:12:19,565 - main - INFO - Traitement de la question : Quelles sont les conditions pour contester un testament en Suisse selon le Code civil suisse (CC) ?
2024-08-16 20:12:19,566 - main - INFO - Envoi de la requête à OpenAI
2024-08-16 20:12:26,386 - main - INFO - Réponse reçue de OpenAI
2024-08-16 20:12:26,386 - main - INFO - Résultat parsé: {}
2024-08-16 20:12:26,386 - main - INFO - Extraction pour le mot-clé: conditions pour contester un testament
2024-08-16 20:12:26,386 - main - INFO - Extraction pour le mot-clé: contester un testament
2024-08-16 20:17:04,967 - main - INFO - Traitement de la question : Quelles sont les conditions pour contester un testament en Suisse selon le Code civil suisse (CC) ?
2024-08-16 20:17:04,968 - main - INFO - Envoi de la requête à OpenAI
2024-08-16 20:17:16,707 - main - INFO - Réponse reçue de OpenAI
2024-08-16 20:17:16,707 - main - INFO - Résultat parsé: {}
2024-08-16 20:17:16,708 - main - INFO - Extraction pour le mot-clé: conditions pour contester un testament
2024-08-16 20:17:16,708 - main - INFO - Extraction pour le mot-clé: contester un testament
2024-08-16 20:24:52,991 - main - INFO - Traitement de la question : Quelles sont les conditions et les effets de la procédure simplifiée en Suisse selon le Code de procédure civile (CPC) ?
2024-08-16 20:24:52,992 - main - INFO - Envoi de la requête à OpenAI
2024-08-16 20:25:00,178 - main - INFO - Réponse reçue de OpenAI
2024-08-16 20:25:00,178 - main - INFO - Résultat parsé: {}
2024-08-16 20:25:00,179 - main - INFO - Extraction pour le mot-clé: les conditions et les effets de la procédure simplifiée
2024-08-16 20:26:37,168 - main - ERROR - Erreur lors de l'extraction de la jurisprudence pour les conditions et les effets de la procédure simplifiée: 2024-08-16 20:25:49,053 - INFO - AccÃ¨s Ã  l'URL : https://beta.entscheidsuche.ch/
2024-08-16 20:25:55,379 - INFO - Recherche effectuÃ©e pour : les conditions et les effets de la procedure simplifiee
Traceback (most recent call last):
  File "C:\Users\MASTERLUM\anaconda3\Lib\asyncio\runners.py", line 118, in run
    return self._loop.run_until_complete(task)
           ^^^^^^^^^^^^^^^^^^^^^^^^^^^^^^^^^^^
  File "C:\Users\MASTERLUM\anaconda3\Lib\asyncio\base_events.py", line 653, in run_until_complete
    return future.result()
           ^^^^^^^^^^^^^^^
  File "C:\PoC MasterLaw\app\beta_entscheidsuche_extractor.py", line 127, in main
    return await run(playwright, query)
           ^^^^^^^^^^^^^^^^^^^^^^^^^^^^
  File "C:\PoC MasterLaw\app\beta_entscheidsuche_extractor.py", line 97, in run
    if not await wait_for_results(page):
           ^^^^^^^^^^^^^^^^^^^^^^^^^^^^
  File "C:\PoC MasterLaw\app\beta_entscheidsuche_extractor.py", line 35, in wait_for_results
    await page.wait_for_selector('div.result-item', timeout=timeout)
  File "C:\PoC MasterLaw\env\Lib\site-packages\playwright\async_api\_generated.py", line 7786, in wait_for_selector
    await self._impl_obj.wait_for_selector(
  File "C:\PoC MasterLaw\env\Lib\site-packages\playwright\_impl\_page.py", line 373, in wait_for_selector
    return await self._main_frame.wait_for_selector(**locals_to_params(locals()))
           ^^^^^^^^^^^^^^^^^^^^^^^^^^^^^^^^^^^^^^^^^^^^^^^^^^^^^^^^^^^^^^^^^^^^^^
  File "C:\PoC MasterLaw\env\Lib\site-packages\playwright\_impl\_frame.py", line 323, in wait_for_selector
    await self._channel.send("waitForSelector", locals_to_params(locals()))
  File "C:\PoC MasterLaw\env\Lib\site-packages\playwright\_impl\_connection.py", line 59, in send
    return await self._connection.wrap_api_call(
           ^^^^^^^^^^^^^^^^^^^^^^^^^^^^^^^^^^^^^
  File "C:\PoC MasterLaw\env\Lib\site-packages\playwright\_impl\_connection.py", line 509, in wrap_api_call
    return await cb()
           ^^^^^^^^^^
  File "C:\PoC MasterLaw\env\Lib\site-packages\playwright\_impl\_connection.py", line 88, in inner_send
    done, _ = await asyncio.wait(
              ^^^^^^^^^^^^^^^^^^^
  File "C:\Users\MASTERLUM\anaconda3\Lib\asyncio\tasks.py", line 428, in wait
    return await _wait(fs, timeout, return_when, loop)
           ^^^^^^^^^^^^^^^^^^^^^^^^^^^^^^^^^^^^^^^^^^^
  File "C:\Users\MASTERLUM\anaconda3\Lib\asyncio\tasks.py", line 535, in _wait
    await waiter
asyncio.exceptions.CancelledError

During handling of the above exception, another exception occurred:

Traceback (most recent call last):
  File "C:\PoC MasterLaw\app\beta_entscheidsuche_extractor.py", line 135, in <module>
    results = asyncio.run(main(keyword))
              ^^^^^^^^^^^^^^^^^^^^^^^^^^
  File "C:\Users\MASTERLUM\anaconda3\Lib\asyncio\runners.py", line 190, in run
    return runner.run(main)
           ^^^^^^^^^^^^^^^^
  File "C:\Users\MASTERLUM\anaconda3\Lib\asyncio\runners.py", line 123, in run
    raise KeyboardInterrupt()
KeyboardInterrupt
2024-08-16 20:26:37,150 - ERROR - Future exception was never retrieved
future: <Future finished exception=TargetClosedError('Target page, context or browser has been closed')>
playwright._impl._errors.TargetClosedError: Target page, context or browser has been closed

2024-08-16 20:26:37,170 - main - ERROR - Erreur inattendue lors de l'extraction de la jurisprudence pour les conditions et les effets de la procédure simplifiée: sent 1012 (service restart); no close frame received
2024-08-16 20:26:37,192 - main - ERROR - Traceback (most recent call last):
  File "C:\PoC MasterLaw\env\Lib\site-packages\websockets\legacy\protocol.py", line 1301, in close_connection
    await self.transfer_data_task
  File "C:\PoC MasterLaw\env\Lib\site-packages\websockets\legacy\protocol.py", line 963, in transfer_data
    message = await self.read_message()
              ^^^^^^^^^^^^^^^^^^^^^^^^^
  File "C:\PoC MasterLaw\env\Lib\site-packages\websockets\legacy\protocol.py", line 1033, in read_message
    frame = await self.read_data_frame(max_size=self.max_size)
            ^^^^^^^^^^^^^^^^^^^^^^^^^^^^^^^^^^^^^^^^^^^^^^^^^^
  File "C:\PoC MasterLaw\env\Lib\site-packages\websockets\legacy\protocol.py", line 1108, in read_data_frame
    frame = await self.read_frame(max_size)
            ^^^^^^^^^^^^^^^^^^^^^^^^^^^^^^^
  File "C:\PoC MasterLaw\env\Lib\site-packages\websockets\legacy\protocol.py", line 1165, in read_frame
    frame = await Frame.read(
            ^^^^^^^^^^^^^^^^^
  File "C:\PoC MasterLaw\env\Lib\site-packages\websockets\legacy\framing.py", line 68, in read
    data = await reader(2)
           ^^^^^^^^^^^^^^^
  File "C:\Users\MASTERLUM\anaconda3\Lib\asyncio\streams.py", line 747, in readexactly
    await self._wait_for_data('readexactly')
  File "C:\Users\MASTERLUM\anaconda3\Lib\asyncio\streams.py", line 540, in _wait_for_data
    await self._waiter
asyncio.exceptions.CancelledError

The above exception was the direct cause of the following exception:

Traceback (most recent call last):
  File "C:\PoC MasterLaw\app\main.py", line 295, in fetch_jurisprudence
  File "C:\PoC MasterLaw\env\Lib\site-packages\starlette\websockets.py", line 198, in send_json
    await self.send({"type": "websocket.send", "text": text})
  File "C:\PoC MasterLaw\env\Lib\site-packages\starlette\websockets.py", line 97, in send
    await self._send(message)
  File "C:\PoC MasterLaw\env\Lib\site-packages\starlette\_exception_handler.py", line 50, in sender
    await send(message)
  File "C:\PoC MasterLaw\env\Lib\site-packages\uvicorn\protocols\websockets\websockets_impl.py", line 327, in asgi_send
    await self.send(data)  # type: ignore[arg-type]
    ^^^^^^^^^^^^^^^^^^^^^
  File "C:\PoC MasterLaw\env\Lib\site-packages\websockets\legacy\protocol.py", line 635, in send
    await self.ensure_open()
  File "C:\PoC MasterLaw\env\Lib\site-packages\websockets\legacy\protocol.py", line 939, in ensure_open
    raise self.connection_closed_exc()
websockets.exceptions.ConnectionClosedError: sent 1012 (service restart); no close frame received

2024-08-16 20:26:37,194 - main - ERROR - Erreur lors de l'extraction de la jurisprudence : sent 1012 (service restart); no close frame received
2024-08-16 20:26:37,194 - main - ERROR - Erreur inattendue lors du traitement de la question : sent 1012 (service restart); no close frame received
2024-08-16 20:26:37,195 - main - ERROR - Traceback (most recent call last):
  File "C:\PoC MasterLaw\env\Lib\site-packages\websockets\legacy\protocol.py", line 1301, in close_connection
    await self.transfer_data_task
  File "C:\PoC MasterLaw\env\Lib\site-packages\websockets\legacy\protocol.py", line 963, in transfer_data
    message = await self.read_message()
              ^^^^^^^^^^^^^^^^^^^^^^^^^
  File "C:\PoC MasterLaw\env\Lib\site-packages\websockets\legacy\protocol.py", line 1033, in read_message
    frame = await self.read_data_frame(max_size=self.max_size)
            ^^^^^^^^^^^^^^^^^^^^^^^^^^^^^^^^^^^^^^^^^^^^^^^^^^
  File "C:\PoC MasterLaw\env\Lib\site-packages\websockets\legacy\protocol.py", line 1108, in read_data_frame
    frame = await self.read_frame(max_size)
            ^^^^^^^^^^^^^^^^^^^^^^^^^^^^^^^
  File "C:\PoC MasterLaw\env\Lib\site-packages\websockets\legacy\protocol.py", line 1165, in read_frame
    frame = await Frame.read(
            ^^^^^^^^^^^^^^^^^
  File "C:\PoC MasterLaw\env\Lib\site-packages\websockets\legacy\framing.py", line 68, in read
    data = await reader(2)
           ^^^^^^^^^^^^^^^
  File "C:\Users\MASTERLUM\anaconda3\Lib\asyncio\streams.py", line 747, in readexactly
    await self._wait_for_data('readexactly')
  File "C:\Users\MASTERLUM\anaconda3\Lib\asyncio\streams.py", line 540, in _wait_for_data
    await self._waiter
asyncio.exceptions.CancelledError

The above exception was the direct cause of the following exception:

Traceback (most recent call last):
  File "C:\PoC MasterLaw\app\main.py", line 340, in process_question
  File "C:\PoC MasterLaw\app\main.py", line 269, in extract_jurisprudence
  File "C:\PoC MasterLaw\env\Lib\site-packages\starlette\websockets.py", line 198, in send_json
    await self.send({"type": "websocket.send", "text": text})
  File "C:\PoC MasterLaw\env\Lib\site-packages\starlette\websockets.py", line 97, in send
    await self._send(message)
  File "C:\PoC MasterLaw\env\Lib\site-packages\starlette\_exception_handler.py", line 50, in sender
    await send(message)
  File "C:\PoC MasterLaw\env\Lib\site-packages\uvicorn\protocols\websockets\websockets_impl.py", line 327, in asgi_send
    await self.send(data)  # type: ignore[arg-type]
    ^^^^^^^^^^^^^^^^^^^^^
  File "C:\PoC MasterLaw\env\Lib\site-packages\websockets\legacy\protocol.py", line 635, in send
    await self.ensure_open()
  File "C:\PoC MasterLaw\env\Lib\site-packages\websockets\legacy\protocol.py", line 939, in ensure_open
    raise self.connection_closed_exc()
websockets.exceptions.ConnectionClosedError: sent 1012 (service restart); no close frame received

2024-08-16 20:26:37,197 - main - ERROR - Erreur lors du traitement de la question: sent 1012 (service restart); no close frame received
2024-08-16 20:26:37,197 - main - ERROR - Erreur WebSocket: sent 1012 (service restart); no close frame received
2024-08-16 20:26:37,198 - main - ERROR - Traceback (most recent call last):
  File "C:\PoC MasterLaw\env\Lib\site-packages\websockets\legacy\protocol.py", line 1301, in close_connection
    await self.transfer_data_task
  File "C:\PoC MasterLaw\env\Lib\site-packages\websockets\legacy\protocol.py", line 963, in transfer_data
    message = await self.read_message()
              ^^^^^^^^^^^^^^^^^^^^^^^^^
  File "C:\PoC MasterLaw\env\Lib\site-packages\websockets\legacy\protocol.py", line 1033, in read_message
    frame = await self.read_data_frame(max_size=self.max_size)
            ^^^^^^^^^^^^^^^^^^^^^^^^^^^^^^^^^^^^^^^^^^^^^^^^^^
  File "C:\PoC MasterLaw\env\Lib\site-packages\websockets\legacy\protocol.py", line 1108, in read_data_frame
    frame = await self.read_frame(max_size)
            ^^^^^^^^^^^^^^^^^^^^^^^^^^^^^^^
  File "C:\PoC MasterLaw\env\Lib\site-packages\websockets\legacy\protocol.py", line 1165, in read_frame
    frame = await Frame.read(
            ^^^^^^^^^^^^^^^^^
  File "C:\PoC MasterLaw\env\Lib\site-packages\websockets\legacy\framing.py", line 68, in read
    data = await reader(2)
           ^^^^^^^^^^^^^^^
  File "C:\Users\MASTERLUM\anaconda3\Lib\asyncio\streams.py", line 747, in readexactly
    await self._wait_for_data('readexactly')
  File "C:\Users\MASTERLUM\anaconda3\Lib\asyncio\streams.py", line 540, in _wait_for_data
    await self._waiter
asyncio.exceptions.CancelledError

The above exception was the direct cause of the following exception:

Traceback (most recent call last):
  File "C:\PoC MasterLaw\app\main.py", line 463, in websocket_endpoint
  File "C:\PoC MasterLaw\env\Lib\site-packages\starlette\websockets.py", line 198, in send_json
    await self.send({"type": "websocket.send", "text": text})
  File "C:\PoC MasterLaw\env\Lib\site-packages\starlette\websockets.py", line 97, in send
    await self._send(message)
  File "C:\PoC MasterLaw\env\Lib\site-packages\starlette\_exception_handler.py", line 50, in sender
    await send(message)
  File "C:\PoC MasterLaw\env\Lib\site-packages\uvicorn\protocols\websockets\websockets_impl.py", line 327, in asgi_send
    await self.send(data)  # type: ignore[arg-type]
    ^^^^^^^^^^^^^^^^^^^^^
  File "C:\PoC MasterLaw\env\Lib\site-packages\websockets\legacy\protocol.py", line 635, in send
    await self.ensure_open()
  File "C:\PoC MasterLaw\env\Lib\site-packages\websockets\legacy\protocol.py", line 939, in ensure_open
    raise self.connection_closed_exc()
websockets.exceptions.ConnectionClosedError: sent 1012 (service restart); no close frame received

2024-08-16 20:48:40,183 - main - INFO - Traitement de la question : Quelles sont les conditions et les effets de la procédure simplifiée en Suisse selon le Code de procédure civile (CPC) ?
2024-08-16 20:48:40,183 - main - INFO - Envoi de la requête à OpenAI
2024-08-16 20:48:57,348 - main - INFO - Réponse reçue de OpenAI
2024-08-16 20:48:57,349 - main - INFO - Résultat parsé: {'Articles de Loi': [{'article_number': '243',
                      'description': 'Cet article définit les conditions pour '
                                     'que la procédure simplifiée soit '
                                     'applicable. Elle est applicable si la '
                                     "valeur litigieuse ne dépasse pas 30'000 "
                                     'francs, ou si les parties conviennent '
                                     "expressément d'une procédure simplifiée, "
                                     'indépendamment de la valeur litigieuse.',
                      'law_code': 'CPC',
                      'law_name': 'CPC'},
                     {'article_number': '244',
                      'description': 'Cet article indique que la procédure '
                                     'simplifiée peut être convertie en '
                                     'procédure ordinaire si les circonstances '
                                     'le justifient.',
                      'law_code': 'CPC',
                      'law_name': 'CPC'},
                     {'article_number': '245-250',
                      'description': 'Ces articles décrivent la procédure '
                                     'simplifiée en détail, y compris '
                                     "l'audition préliminaire, la "
                                     'conciliation, la rédaction de la '
                                     'décision, et les voies de droit.',
                      'law_code': 'CPC',
                      'law_name': 'CPC'}],
 'Domaines juridiques': '** Droit civil, Droit de procédure civile.',
 'Résumé': '** La procédure simplifiée en droit suisse est régie par le Code '
           "de procédure civile. Selon l'article 243 du CPC, cette procédure "
           "s'applique lorsque la valeur litigieuse ne dépasse pas 30'000 "
           'francs suisses, ou si les parties conviennent expressément de son '
           "application, quelle que soit la valeur litigieuse. L'article 244 "
           'permet la conversion de la procédure simplifiée en procédure '
           'ordinaire si les circonstances le justifient. Les articles 245 à '
           '250 décrivent le déroulement de la procédure simplifiée, '
           'comprenant principalement une audition préliminaire, une tentative '
           'de conciliation, la rédaction de la décision et les voies de '
           'droit. Les effets de la procédure simplifiée peuvent varier selon '
           "les circonstances spécifiques de l'affaire, mais elle vise "
           'généralement à accélérer le processus judiciaire et à réduire les '
           'coûts.'}
2024-08-16 20:48:57,352 - main - INFO - Extraction de l'article CPC 243
2024-08-16 20:48:57,353 - main - INFO - Extraction de l'article CPC 244
2024-08-16 20:48:57,353 - main - INFO - Extraction de l'article CPC 245
2024-08-16 20:49:51,784 - main - INFO - Extraction de l'article CPC 246
2024-08-16 20:50:47,013 - main - INFO - Extraction de l'article CPC 247
2024-08-16 20:51:40,645 - main - INFO - Extraction de l'article CPC 248
2024-08-16 20:52:35,259 - main - INFO - Extraction de l'article CPC 249
2024-08-16 20:53:28,364 - main - INFO - Extraction de l'article CPC 250
2024-08-16 20:54:20,805 - main - INFO - Extraction pour le mot-clé: les conditions et les effets de la procédure simplifiée
2024-08-16 21:03:48,719 - main - INFO - Traitement de la question : Quelles sont les conditions et les effets de la procédure simplifiée en Suisse selon le Code de procédure civile (CPC) ?
2024-08-16 21:03:48,720 - main - INFO - Envoi de la requête à OpenAI
2024-08-16 21:03:55,917 - main - INFO - Réponse reçue de OpenAI
2024-08-16 21:03:55,918 - main - INFO - Résultat parsé: {'Articles de Loi': [{'error': "Format d'article non reconnu: - **art. 243 CPC "
                               ':** Cet article détermine les cas dans '
                               "lesquels la procédure simplifiée s'applique, "
                               'notamment pour les litiges dont la valeur '
                               "litigieuse ne dépasse pas 30'000 CHF, ainsi "
                               "que pour d'autres cas spécifiques tels que les "
                               "litiges relatifs à la loi sur l'égalité, la "
                               'loi sur la poursuite pour dettes et la '
                               'faillite, etc.'},
                     {'error': "Format d'article non reconnu: - **art. 244 CPC "
                               ':** Cet article stipule que dans la procédure '
                               'simplifiée, le tribunal conduit les débats de '
                               'manière simple et rapide et peut interroger '
                               'les parties de manière non formelle.'},
                     {'error': "Format d'article non reconnu: - **art. 245 CPC "
                               ':** Cet article précise que dans la procédure '
                               'simplifiée, le tribunal peut renoncer à la '
                               'procédure écrite, sauf si la loi exige une '
                               'décision écrite.'},
                     {'error': "Format d'article non reconnu: - **art. 247 CPC "
                               ':** Cet article énonce les règles de preuve '
                               'dans la procédure simplifiée, permettant au '
                               'tribunal de prendre des mesures probatoires '
                               "d'office et de limiter les moyens de preuve "
                               'aux éléments essentiels.'}],
 'Domaines juridiques': '** Droit de la procédure civile.',
 'Résumé': '**\n'
           '   La procédure simplifiée en Suisse, régie par le Code de '
           "procédure civile (CPC), s'applique principalement aux litiges dont "
           "la valeur ne dépasse pas 30'000 CHF et à certains types de litiges "
           'spécifiques (art. 243 CPC). Cette procédure vise à faciliter et '
           'accélérer le traitement des affaires par une conduite des débats '
           'simplifiée et informelle (art. 244 CPC). Le tribunal peut renoncer '
           'à une procédure écrite, sauf disposition contraire (art. 245 CPC). '
           'De plus, le tribunal a une plus grande latitude dans la gestion '
           'des preuves, pouvant limiter les moyens de preuve aux éléments '
           "essentiels et prendre des mesures probatoires d'office (art. 247 "
           'CPC). Ces dispositions visent à réduire les formalités et à rendre '
           'le processus judiciaire plus accessible et efficient pour les '
           'parties impliquées.'}
2024-08-16 21:03:55,920 - main - INFO - Extraction pour le mot-clé: les conditions et les effets de la procédure simplifiée
2024-08-16 21:04:14,160 - main - ERROR - Erreur lors de l'extraction de la jurisprudence pour les conditions et les effets de la procédure simplifiée: Traceback (most recent call last):
  File "C:\Users\MASTERLUM\anaconda3\Lib\asyncio\runners.py", line 118, in run
    return self._loop.run_until_complete(task)
           ^^^^^^^^^^^^^^^^^^^^^^^^^^^^^^^^^^^
  File "C:\Users\MASTERLUM\anaconda3\Lib\asyncio\base_events.py", line 653, in run_until_complete
    return future.result()
           ^^^^^^^^^^^^^^^
  File "C:\PoC MasterLaw\app\beta_entscheidsuche_extractor.py", line 127, in main
    return await run(playwright, query)
           ^^^^^^^^^^^^^^^^^^^^^^^^^^^^
  File "C:\PoC MasterLaw\app\beta_entscheidsuche_extractor.py", line 84, in run
    page = await context.new_page()
           ^^^^^^^^^^^^^^^^^^^^^^^^
  File "C:\PoC MasterLaw\env\Lib\site-packages\playwright\async_api\_generated.py", line 12274, in new_page
    return mapping.from_impl(await self._impl_obj.new_page())
                             ^^^^^^^^^^^^^^^^^^^^^^^^^^^^^^^
  File "C:\PoC MasterLaw\env\Lib\site-packages\playwright\_impl\_browser_context.py", line 293, in new_page
    return from_channel(await self._channel.send("newPage"))
                        ^^^^^^^^^^^^^^^^^^^^^^^^^^^^^^^^^^^
  File "C:\PoC MasterLaw\env\Lib\site-packages\playwright\_impl\_connection.py", line 59, in send
    return await self._connection.wrap_api_call(
           ^^^^^^^^^^^^^^^^^^^^^^^^^^^^^^^^^^^^^
  File "C:\PoC MasterLaw\env\Lib\site-packages\playwright\_impl\_connection.py", line 509, in wrap_api_call
    return await cb()
           ^^^^^^^^^^
  File "C:\PoC MasterLaw\env\Lib\site-packages\playwright\_impl\_connection.py", line 88, in inner_send
    done, _ = await asyncio.wait(
              ^^^^^^^^^^^^^^^^^^^
  File "C:\Users\MASTERLUM\anaconda3\Lib\asyncio\tasks.py", line 428, in wait
    return await _wait(fs, timeout, return_when, loop)
           ^^^^^^^^^^^^^^^^^^^^^^^^^^^^^^^^^^^^^^^^^^^
  File "C:\Users\MASTERLUM\anaconda3\Lib\asyncio\tasks.py", line 535, in _wait
    await waiter
asyncio.exceptions.CancelledError

During handling of the above exception, another exception occurred:

Traceback (most recent call last):
  File "C:\PoC MasterLaw\app\beta_entscheidsuche_extractor.py", line 135, in <module>
    results = asyncio.run(main(keyword))
              ^^^^^^^^^^^^^^^^^^^^^^^^^^
  File "C:\Users\MASTERLUM\anaconda3\Lib\asyncio\runners.py", line 190, in run
    return runner.run(main)
           ^^^^^^^^^^^^^^^^
  File "C:\Users\MASTERLUM\anaconda3\Lib\asyncio\runners.py", line 123, in run
    raise KeyboardInterrupt()
KeyboardInterrupt

2024-08-16 21:04:14,162 - main - ERROR - Erreur inattendue lors de l'extraction de la jurisprudence pour les conditions et les effets de la procédure simplifiée: received 1001 (going away); then sent 1001 (going away)
2024-08-16 21:04:14,172 - main - ERROR - Traceback (most recent call last):
  File "C:\PoC MasterLaw\app\main.py", line 298, in fetch_jurisprudence
    await websocket.send_json({"type": "error", "data": error_message})
  File "C:\PoC MasterLaw\env\Lib\site-packages\starlette\websockets.py", line 198, in send_json
    await self.send({"type": "websocket.send", "text": text})
  File "C:\PoC MasterLaw\env\Lib\site-packages\starlette\websockets.py", line 97, in send
    await self._send(message)
  File "C:\PoC MasterLaw\env\Lib\site-packages\starlette\_exception_handler.py", line 50, in sender
    await send(message)
  File "C:\PoC MasterLaw\env\Lib\site-packages\uvicorn\protocols\websockets\websockets_impl.py", line 327, in asgi_send
    await self.send(data)  # type: ignore[arg-type]
    ^^^^^^^^^^^^^^^^^^^^^
  File "C:\PoC MasterLaw\env\Lib\site-packages\websockets\legacy\protocol.py", line 635, in send
    await self.ensure_open()
  File "C:\PoC MasterLaw\env\Lib\site-packages\websockets\legacy\protocol.py", line 939, in ensure_open
    raise self.connection_closed_exc()
websockets.exceptions.ConnectionClosedOK: received 1001 (going away); then sent 1001 (going away)

2024-08-16 21:04:14,173 - main - ERROR - Erreur lors de l'extraction de la jurisprudence : received 1001 (going away); then sent 1001 (going away)
2024-08-16 21:04:14,173 - main - ERROR - Erreur inattendue lors du traitement de la question : received 1001 (going away); then sent 1001 (going away)
2024-08-16 21:04:14,174 - main - ERROR - Traceback (most recent call last):
  File "C:\PoC MasterLaw\app\main.py", line 351, in process_question
    jurisprudence = await extract_jurisprudence(keywords, websocket)
                    ^^^^^^^^^^^^^^^^^^^^^^^^^^^^^^^^^^^^^^^^^^^^^^^^
  File "C:\PoC MasterLaw\app\main.py", line 272, in extract_jurisprudence
    await websocket.send_json({"type": "error", "data": f"Erreur lors de l'extraction de la jurisprudence : {str(result)}"})
  File "C:\PoC MasterLaw\env\Lib\site-packages\starlette\websockets.py", line 198, in send_json
    await self.send({"type": "websocket.send", "text": text})
  File "C:\PoC MasterLaw\env\Lib\site-packages\starlette\websockets.py", line 97, in send
    await self._send(message)
  File "C:\PoC MasterLaw\env\Lib\site-packages\starlette\_exception_handler.py", line 50, in sender
    await send(message)
  File "C:\PoC MasterLaw\env\Lib\site-packages\uvicorn\protocols\websockets\websockets_impl.py", line 327, in asgi_send
    await self.send(data)  # type: ignore[arg-type]
    ^^^^^^^^^^^^^^^^^^^^^
  File "C:\PoC MasterLaw\env\Lib\site-packages\websockets\legacy\protocol.py", line 635, in send
    await self.ensure_open()
  File "C:\PoC MasterLaw\env\Lib\site-packages\websockets\legacy\protocol.py", line 939, in ensure_open
    raise self.connection_closed_exc()
websockets.exceptions.ConnectionClosedOK: received 1001 (going away); then sent 1001 (going away)

2024-08-16 21:04:14,176 - main - ERROR - Erreur lors du traitement de la question: received 1001 (going away); then sent 1001 (going away)
2024-08-16 21:04:14,176 - main - ERROR - Erreur WebSocket: received 1001 (going away); then sent 1001 (going away)
2024-08-16 21:04:14,177 - main - ERROR - Traceback (most recent call last):
  File "C:\PoC MasterLaw\app\main.py", line 473, in websocket_endpoint
    await websocket.send_json({"type": "error", "data": str(e)})
  File "C:\PoC MasterLaw\env\Lib\site-packages\starlette\websockets.py", line 198, in send_json
    await self.send({"type": "websocket.send", "text": text})
  File "C:\PoC MasterLaw\env\Lib\site-packages\starlette\websockets.py", line 97, in send
    await self._send(message)
  File "C:\PoC MasterLaw\env\Lib\site-packages\starlette\_exception_handler.py", line 50, in sender
    await send(message)
  File "C:\PoC MasterLaw\env\Lib\site-packages\uvicorn\protocols\websockets\websockets_impl.py", line 327, in asgi_send
    await self.send(data)  # type: ignore[arg-type]
    ^^^^^^^^^^^^^^^^^^^^^
  File "C:\PoC MasterLaw\env\Lib\site-packages\websockets\legacy\protocol.py", line 635, in send
    await self.ensure_open()
  File "C:\PoC MasterLaw\env\Lib\site-packages\websockets\legacy\protocol.py", line 939, in ensure_open
    raise self.connection_closed_exc()
websockets.exceptions.ConnectionClosedOK: received 1001 (going away); then sent 1001 (going away)

2024-08-16 21:06:25,100 - main - INFO - Traitement de la question : Quelles sont les conditions et les effets de la procédure simplifiée en Suisse selon le Code de procédure civile (CPC) ?
2024-08-16 21:06:25,101 - main - INFO - Envoi de la requête à OpenAI
2024-08-16 21:06:30,165 - main - INFO - Réponse reçue de OpenAI
2024-08-16 21:06:30,166 - main - INFO - Résultat parsé: {'Articles de Loi': [{'error': "Format d'article non reconnu: - **art. 243 CPC "
                               ':** Cet article établit les conditions '
                               "d'application de la procédure simplifiée, "
                               "spécifiant qu'elle est applicable notamment "
                               'aux litiges patrimoniaux dont la valeur '
                               "litigieuse ne dépasse pas CHF 30'000, ainsi "
                               "qu'à certains litiges indépendamment de la "
                               'valeur litigieuse (par exemple, en matière de '
                               'bail à loyer ou de travail).'},
                     {'error': "Format d'article non reconnu: - **art. 244 CPC "
                               ':** Cet article décrit les exigences formelles '
                               'pour la demande en procédure simplifiée, '
                               'soulignant la simplicité et la rapidité de la '
                               'procédure.'},
                     {'error': "Format d'article non reconnu: - **art. 245 CPC "
                               ':** Cet article traite des modalités de la '
                               'procédure simplifiée, y compris la tenue de '
                               "l'audience, la possibilité de procéder par "
                               'écrit, et les moyens de preuve acceptables.'},
                     {'error': "Format d'article non reconnu: - **art. 247 CPC "
                               ':** Cet article précise que le tribunal '
                               "établit d'office les faits pertinents et les "
                               'preuves nécessaires, ce qui simplifie le '
                               'fardeau de la preuve pour les parties.'}],
 'Domaines juridiques': '**\n   - Droit de la procédure civile',
 'Résumé': '**\n'
           '   La procédure simplifiée en droit suisse, régie par les articles '
           '243 à 247 du Code de procédure civile (CPC), est applicable '
           'notamment aux litiges patrimoniaux dont la valeur ne dépasse pas '
           "CHF 30'000, ainsi qu'à d'autres litiges spécifiques. Les "
           "conditions d'application incluent une demande formelle simplifiée "
           "et des formalités allégées. L'audience peut être tenue de manière "
           'simplifiée ou même par écrit, et le tribunal joue un rôle actif en '
           "établissant d'office les faits et les preuves nécessaires. Cette "
           'procédure vise à offrir une justice rapide et économique, en '
           'réduisant les complexités procédurales pour les parties '
           'impliquées.'}
2024-08-16 21:06:30,167 - main - INFO - Extraction pour le mot-clé: les conditions et les effets de la procédure simplifiée
2024-08-16 21:06:45,171 - main - ERROR - Erreur lors de l'extraction de la jurisprudence pour les conditions et les effets de la procédure simplifiée: Traceback (most recent call last):
  File "C:\Users\MASTERLUM\anaconda3\Lib\asyncio\runners.py", line 118, in run
    return self._loop.run_until_complete(task)
           ^^^^^^^^^^^^^^^^^^^^^^^^^^^^^^^^^^^
  File "C:\Users\MASTERLUM\anaconda3\Lib\asyncio\base_events.py", line 653, in run_until_complete
    return future.result()
           ^^^^^^^^^^^^^^^
  File "C:\PoC MasterLaw\app\beta_entscheidsuche_extractor.py", line 127, in main
    return await run(playwright, query)
           ^^^^^^^^^^^^^^^^^^^^^^^^^^^^
  File "C:\PoC MasterLaw\app\beta_entscheidsuche_extractor.py", line 74, in run
    browser = await playwright.chromium.launch(headless=True)
              ^^^^^^^^^^^^^^^^^^^^^^^^^^^^^^^^^^^^^^^^^^^^^^^
  File "C:\PoC MasterLaw\env\Lib\site-packages\playwright\async_api\_generated.py", line 13824, in launch
    await self._impl_obj.launch(
  File "C:\PoC MasterLaw\env\Lib\site-packages\playwright\_impl\_browser_type.py", line 94, in launch
    Browser, from_channel(await self._channel.send("launch", params))
                          ^^^^^^^^^^^^^^^^^^^^^^^^^^^^^^^^^^^^^^^^^^
  File "C:\PoC MasterLaw\env\Lib\site-packages\playwright\_impl\_connection.py", line 59, in send
    return await self._connection.wrap_api_call(
           ^^^^^^^^^^^^^^^^^^^^^^^^^^^^^^^^^^^^^
  File "C:\PoC MasterLaw\env\Lib\site-packages\playwright\_impl\_connection.py", line 509, in wrap_api_call
    return await cb()
           ^^^^^^^^^^
  File "C:\PoC MasterLaw\env\Lib\site-packages\playwright\_impl\_connection.py", line 88, in inner_send
    done, _ = await asyncio.wait(
              ^^^^^^^^^^^^^^^^^^^
  File "C:\Users\MASTERLUM\anaconda3\Lib\asyncio\tasks.py", line 428, in wait
    return await _wait(fs, timeout, return_when, loop)
           ^^^^^^^^^^^^^^^^^^^^^^^^^^^^^^^^^^^^^^^^^^^
  File "C:\Users\MASTERLUM\anaconda3\Lib\asyncio\tasks.py", line 535, in _wait
    await waiter
asyncio.exceptions.CancelledError

During handling of the above exception, another exception occurred:

Traceback (most recent call last):
  File "C:\PoC MasterLaw\app\beta_entscheidsuche_extractor.py", line 135, in <module>
    results = asyncio.run(main(keyword))
              ^^^^^^^^^^^^^^^^^^^^^^^^^^
  File "C:\Users\MASTERLUM\anaconda3\Lib\asyncio\runners.py", line 190, in run
    return runner.run(main)
           ^^^^^^^^^^^^^^^^
  File "C:\Users\MASTERLUM\anaconda3\Lib\asyncio\runners.py", line 123, in run
    raise KeyboardInterrupt()
KeyboardInterrupt

2024-08-16 21:06:45,173 - main - ERROR - Erreur inattendue lors de l'extraction de la jurisprudence pour les conditions et les effets de la procédure simplifiée: sent 1012 (service restart); no close frame received
2024-08-16 21:06:45,180 - main - ERROR - Traceback (most recent call last):
  File "C:\PoC MasterLaw\env\Lib\site-packages\websockets\legacy\protocol.py", line 1301, in close_connection
    await self.transfer_data_task
  File "C:\PoC MasterLaw\env\Lib\site-packages\websockets\legacy\protocol.py", line 963, in transfer_data
    message = await self.read_message()
              ^^^^^^^^^^^^^^^^^^^^^^^^^
  File "C:\PoC MasterLaw\env\Lib\site-packages\websockets\legacy\protocol.py", line 1033, in read_message
    frame = await self.read_data_frame(max_size=self.max_size)
            ^^^^^^^^^^^^^^^^^^^^^^^^^^^^^^^^^^^^^^^^^^^^^^^^^^
  File "C:\PoC MasterLaw\env\Lib\site-packages\websockets\legacy\protocol.py", line 1108, in read_data_frame
    frame = await self.read_frame(max_size)
            ^^^^^^^^^^^^^^^^^^^^^^^^^^^^^^^
  File "C:\PoC MasterLaw\env\Lib\site-packages\websockets\legacy\protocol.py", line 1165, in read_frame
    frame = await Frame.read(
            ^^^^^^^^^^^^^^^^^
  File "C:\PoC MasterLaw\env\Lib\site-packages\websockets\legacy\framing.py", line 68, in read
    data = await reader(2)
           ^^^^^^^^^^^^^^^
  File "C:\Users\MASTERLUM\anaconda3\Lib\asyncio\streams.py", line 747, in readexactly
    await self._wait_for_data('readexactly')
  File "C:\Users\MASTERLUM\anaconda3\Lib\asyncio\streams.py", line 540, in _wait_for_data
    await self._waiter
asyncio.exceptions.CancelledError

The above exception was the direct cause of the following exception:

Traceback (most recent call last):
  File "C:\PoC MasterLaw\app\main.py", line 298, in fetch_jurisprudence
    await websocket.send_json({"type": "error", "data": error_message})
  File "C:\PoC MasterLaw\env\Lib\site-packages\starlette\websockets.py", line 198, in send_json
    await self.send({"type": "websocket.send", "text": text})
  File "C:\PoC MasterLaw\env\Lib\site-packages\starlette\websockets.py", line 97, in send
    await self._send(message)
  File "C:\PoC MasterLaw\env\Lib\site-packages\starlette\_exception_handler.py", line 50, in sender
    await send(message)
  File "C:\PoC MasterLaw\env\Lib\site-packages\uvicorn\protocols\websockets\websockets_impl.py", line 327, in asgi_send
    await self.send(data)  # type: ignore[arg-type]
    ^^^^^^^^^^^^^^^^^^^^^
  File "C:\PoC MasterLaw\env\Lib\site-packages\websockets\legacy\protocol.py", line 635, in send
    await self.ensure_open()
  File "C:\PoC MasterLaw\env\Lib\site-packages\websockets\legacy\protocol.py", line 939, in ensure_open
    raise self.connection_closed_exc()
websockets.exceptions.ConnectionClosedError: sent 1012 (service restart); no close frame received

2024-08-16 21:06:45,183 - main - ERROR - Erreur lors de l'extraction de la jurisprudence : sent 1012 (service restart); no close frame received
2024-08-16 21:06:45,183 - main - ERROR - Erreur inattendue lors du traitement de la question : sent 1012 (service restart); no close frame received
2024-08-16 21:06:45,184 - main - ERROR - Traceback (most recent call last):
  File "C:\PoC MasterLaw\env\Lib\site-packages\websockets\legacy\protocol.py", line 1301, in close_connection
    await self.transfer_data_task
  File "C:\PoC MasterLaw\env\Lib\site-packages\websockets\legacy\protocol.py", line 963, in transfer_data
    message = await self.read_message()
              ^^^^^^^^^^^^^^^^^^^^^^^^^
  File "C:\PoC MasterLaw\env\Lib\site-packages\websockets\legacy\protocol.py", line 1033, in read_message
    frame = await self.read_data_frame(max_size=self.max_size)
            ^^^^^^^^^^^^^^^^^^^^^^^^^^^^^^^^^^^^^^^^^^^^^^^^^^
  File "C:\PoC MasterLaw\env\Lib\site-packages\websockets\legacy\protocol.py", line 1108, in read_data_frame
    frame = await self.read_frame(max_size)
            ^^^^^^^^^^^^^^^^^^^^^^^^^^^^^^^
  File "C:\PoC MasterLaw\env\Lib\site-packages\websockets\legacy\protocol.py", line 1165, in read_frame
    frame = await Frame.read(
            ^^^^^^^^^^^^^^^^^
  File "C:\PoC MasterLaw\env\Lib\site-packages\websockets\legacy\framing.py", line 68, in read
    data = await reader(2)
           ^^^^^^^^^^^^^^^
  File "C:\Users\MASTERLUM\anaconda3\Lib\asyncio\streams.py", line 747, in readexactly
    await self._wait_for_data('readexactly')
  File "C:\Users\MASTERLUM\anaconda3\Lib\asyncio\streams.py", line 540, in _wait_for_data
    await self._waiter
asyncio.exceptions.CancelledError

The above exception was the direct cause of the following exception:

Traceback (most recent call last):
  File "C:\PoC MasterLaw\app\main.py", line 351, in process_question
    jurisprudence = await extract_jurisprudence(keywords, websocket)
                    ^^^^^^^^^^^^^^^^^^^^^^^^^^^^^^^^^^^^^^^^^^^^^^^^
  File "C:\PoC MasterLaw\app\main.py", line 272, in extract_jurisprudence
    await websocket.send_json({"type": "error", "data": f"Erreur lors de l'extraction de la jurisprudence : {str(result)}"})
  File "C:\PoC MasterLaw\env\Lib\site-packages\starlette\websockets.py", line 198, in send_json
    await self.send({"type": "websocket.send", "text": text})
  File "C:\PoC MasterLaw\env\Lib\site-packages\starlette\websockets.py", line 97, in send
    await self._send(message)
  File "C:\PoC MasterLaw\env\Lib\site-packages\starlette\_exception_handler.py", line 50, in sender
    await send(message)
  File "C:\PoC MasterLaw\env\Lib\site-packages\uvicorn\protocols\websockets\websockets_impl.py", line 327, in asgi_send
    await self.send(data)  # type: ignore[arg-type]
    ^^^^^^^^^^^^^^^^^^^^^
  File "C:\PoC MasterLaw\env\Lib\site-packages\websockets\legacy\protocol.py", line 635, in send
    await self.ensure_open()
  File "C:\PoC MasterLaw\env\Lib\site-packages\websockets\legacy\protocol.py", line 939, in ensure_open
    raise self.connection_closed_exc()
websockets.exceptions.ConnectionClosedError: sent 1012 (service restart); no close frame received

2024-08-16 21:06:45,186 - main - ERROR - Erreur lors du traitement de la question: sent 1012 (service restart); no close frame received
2024-08-16 21:06:45,186 - main - ERROR - Erreur WebSocket: sent 1012 (service restart); no close frame received
2024-08-16 21:06:45,187 - main - ERROR - Traceback (most recent call last):
  File "C:\PoC MasterLaw\env\Lib\site-packages\websockets\legacy\protocol.py", line 1301, in close_connection
    await self.transfer_data_task
  File "C:\PoC MasterLaw\env\Lib\site-packages\websockets\legacy\protocol.py", line 963, in transfer_data
    message = await self.read_message()
              ^^^^^^^^^^^^^^^^^^^^^^^^^
  File "C:\PoC MasterLaw\env\Lib\site-packages\websockets\legacy\protocol.py", line 1033, in read_message
    frame = await self.read_data_frame(max_size=self.max_size)
            ^^^^^^^^^^^^^^^^^^^^^^^^^^^^^^^^^^^^^^^^^^^^^^^^^^
  File "C:\PoC MasterLaw\env\Lib\site-packages\websockets\legacy\protocol.py", line 1108, in read_data_frame
    frame = await self.read_frame(max_size)
            ^^^^^^^^^^^^^^^^^^^^^^^^^^^^^^^
  File "C:\PoC MasterLaw\env\Lib\site-packages\websockets\legacy\protocol.py", line 1165, in read_frame
    frame = await Frame.read(
            ^^^^^^^^^^^^^^^^^
  File "C:\PoC MasterLaw\env\Lib\site-packages\websockets\legacy\framing.py", line 68, in read
    data = await reader(2)
           ^^^^^^^^^^^^^^^
  File "C:\Users\MASTERLUM\anaconda3\Lib\asyncio\streams.py", line 747, in readexactly
    await self._wait_for_data('readexactly')
  File "C:\Users\MASTERLUM\anaconda3\Lib\asyncio\streams.py", line 540, in _wait_for_data
    await self._waiter
asyncio.exceptions.CancelledError

The above exception was the direct cause of the following exception:

Traceback (most recent call last):
  File "C:\PoC MasterLaw\app\main.py", line 473, in websocket_endpoint
    await websocket.send_json({"type": "error", "data": str(e)})
  File "C:\PoC MasterLaw\env\Lib\site-packages\starlette\websockets.py", line 198, in send_json
    await self.send({"type": "websocket.send", "text": text})
  File "C:\PoC MasterLaw\env\Lib\site-packages\starlette\websockets.py", line 97, in send
    await self._send(message)
  File "C:\PoC MasterLaw\env\Lib\site-packages\starlette\_exception_handler.py", line 50, in sender
    await send(message)
  File "C:\PoC MasterLaw\env\Lib\site-packages\uvicorn\protocols\websockets\websockets_impl.py", line 327, in asgi_send
    await self.send(data)  # type: ignore[arg-type]
    ^^^^^^^^^^^^^^^^^^^^^
  File "C:\PoC MasterLaw\env\Lib\site-packages\websockets\legacy\protocol.py", line 635, in send
    await self.ensure_open()
  File "C:\PoC MasterLaw\env\Lib\site-packages\websockets\legacy\protocol.py", line 939, in ensure_open
    raise self.connection_closed_exc()
websockets.exceptions.ConnectionClosedError: sent 1012 (service restart); no close frame received

2024-08-16 21:07:42,405 - main - INFO - Traitement de la question : Faut-il toujours déposer une requête de conciliation avant de déposer une demande au fond ?
2024-08-16 21:07:42,406 - main - INFO - Envoi de la requête à OpenAI
2024-08-16 21:07:47,625 - main - INFO - Réponse reçue de OpenAI
2024-08-16 21:07:47,627 - main - INFO - Résultat parsé: {'Articles de Loi': [{'error': "Format d'article non reconnu: - **art. 197 "
                               'Code de procédure civile (CPC)** : Cet article '
                               'stipule que les parties doivent, avant de '
                               'saisir le tribunal, tenter de se concilier '
                               'devant une autorité de conciliation.'},
                     {'error': "Format d'article non reconnu: - **art. 198 "
                               'CPC** : Cet article énumère les exceptions où '
                               "la conciliation préalable n'est pas "
                               'nécessaire, telles que les actions en divorce, '
                               'les affaires où une décision judiciaire '
                               'immédiate est nécessaire, et certaines actions '
                               'spécifiques de droit des assurances sociales, '
                               'entre autres.'},
                     {'error': "Format d'article non reconnu: - **art. 199 "
                               'CPC** : Cet article précise les cas où la '
                               'conciliation peut être omise ou remplacée par '
                               'une autre procédure, par exemple, en matière '
                               'de mesures provisionnelles ou dans les cas où '
                               "les parties y renoncent d'un commun accord."}],
 'Domaines juridiques': '** Droit de la procédure civile',
 'Résumé': '**\n'
           "   En principe, selon l'art. 197 CPC, une procédure de "
           'conciliation est obligatoire avant de déposer une demande au fond '
           'devant le tribunal pour la plupart des litiges civils. Toutefois, '
           "il existe des exceptions importantes prévues à l'art. 198 CPC, "
           'telles que les actions en divorce ou les procédures urgentes '
           "nécessitant une décision immédiate. De plus, l'art. 199 CPC permet "
           "à certaines conditions d'omettre la conciliation, notamment dans "
           'les cas où les parties y renoncent expressément ou lorsque des '
           'mesures provisionnelles sont demandées. Ainsi, bien que la '
           'conciliation soit la règle générale, il est essentiel de vérifier '
           'les exceptions applicables à chaque situation spécifique.'}
2024-08-16 21:07:47,630 - main - INFO - Extraction pour le mot-clé: demande au fond
2024-08-16 21:07:47,631 - main - INFO - Extraction pour le mot-clé: requête de conciliation
2024-08-16 21:09:54,790 - main - INFO - Traitement de la question : Faut-il toujours déposer une requête de conciliation avant de déposer une demande au fond ?
2024-08-16 21:09:54,791 - main - INFO - Envoi de la requête à OpenAI
2024-08-16 21:10:16,163 - main - INFO - Réponse reçue de OpenAI
2024-08-16 21:10:16,164 - main - INFO - Résultat parsé: {'Articles de Loi': [{'error': "Format d'article non reconnu: - **art. 197 "
                               'Code de procédure civile (CPC)** : Cet article '
                               'stipule que la procédure de conciliation est '
                               "en principe obligatoire avant l'introduction "
                               "d'une action au fond, sauf exceptions."},
                     {'error': "Format d'article non reconnu: - *Explication "
                               ':* La conciliation vise à trouver un accord '
                               "amiable avant d'entamer une procédure "
                               'judiciaire formelle.'},
                     {'error': "Format d'article non reconnu: - **art. 198 "
                               'CPC** : Cet article énumère les cas dans '
                               "lesquels la conciliation n'est pas "
                               'obligatoire.'},
                     {'error': "Format d'article non reconnu: - *Explication "
                               ':* Il inclut des exceptions telles que les '
                               'affaires de droit des poursuites, certaines '
                               'affaires familiales urgentes, et les litiges '
                               'où la valeur litigieuse est inférieure à un '
                               'certain seuil.'},
                     {'error': "Format d'article non reconnu: - **art. 199 "
                               'CPC** : Cet article permet aux parties de '
                               'renoncer à la procédure de conciliation par '
                               'déclaration commune dans certaines '
                               'circonstances.'},
                     {'error': "Format d'article non reconnu: - *Explication "
                               ':* La renonciation est permise lorsque les '
                               "parties s'accordent à poursuivre directement "
                               "l'action principale."},
                     {'error': "Format d'article non reconnu: "},
                     {'error': "Format d'article non reconnu: 3. **Résumé :**"},
                     {'error': "Format d'article non reconnu: En droit "
                               'procédural civil suisse, il est généralement '
                               'requis de déposer une requête de conciliation '
                               'avant de déposer une demande au fond, '
                               "conformément à l'art. 197 CPC. Cependant, il "
                               'existe plusieurs exceptions à cette règle '
                               "stipulées à l'art. 198 CPC, telles que les "
                               'affaires de droit des poursuites, certaines '
                               'affaires familiales urgentes, et les litiges '
                               "de faible valeur litigieuse. De plus, l'art. "
                               '199 CPC permet aux parties de renoncer à la '
                               'conciliation par une déclaration commune dans '
                               'certains cas. Ainsi, bien que la conciliation '
                               'soit une étape généralement obligatoire, il '
                               'existe des situations spécifiques où elle peut '
                               'être omise.'}],
 'Domaines juridiques': '**\n   - Droit procédural civil'}
2024-08-16 21:10:16,166 - main - INFO - Extraction pour le mot-clé: demande au fond
